<?xml version="1.0" encoding="UTF-8"?>
<testng-results ignored="0" total="1" passed="1" failed="0" skipped="0">
  <reporter-output>
  </reporter-output>
  <suite started-at="2024-11-16T10:01:33 IST" name="Default suite" finished-at="2024-11-16T10:01:33 IST" duration-ms="41">
    <groups>
    </groups>
    <test started-at="2024-11-16T10:01:33 IST" name="Default test" finished-at="2024-11-16T10:01:33 IST" duration-ms="41">
      <class name="Sample.Sample">
        <test-method signature="hello()[pri:0, instance:Sample.Sample@54a7079e]" started-at="2024-11-16T10:01:33 IST" name="hello" finished-at="2024-11-16T10:01:33 IST" duration-ms="12" status="PASS">
          <reporter-output>
          </reporter-output>
        </test-method> <!-- hello -->
      </class> <!-- Sample.Sample -->
    </test> <!-- Default test -->
  </suite> <!-- Default suite -->
</testng-results>
