<?xml version="1.0" encoding="UTF-8"?>
<testng-results ignored="0" total="1" passed="1" failed="0" skipped="0">
  <reporter-output>
  </reporter-output>
  <suite started-at="2024-11-15T10:26:24 IST" name="Default suite" finished-at="2024-11-15T10:26:24 IST" duration-ms="44">
    <groups>
    </groups>
    <test started-at="2024-11-15T10:26:24 IST" name="Default test" finished-at="2024-11-15T10:26:24 IST" duration-ms="44">
      <class name="Sample.Demo">
        <test-method signature="create()[pri:0, instance:Sample.Demo@51e69659]" started-at="2024-11-15T10:26:24 IST" name="create" finished-at="2024-11-15T10:26:24 IST" duration-ms="10" status="PASS">
          <reporter-output>
          </reporter-output>
        </test-method> <!-- create -->
      </class> <!-- Sample.Demo -->
    </test> <!-- Default test -->
  </suite> <!-- Default suite -->
</testng-results>
